
msh >sensor
Version: V2.0.220331
Sensor type: 501
msh >
msh >rf
RF interface1 device: ZIGBEE
RF Link: ON
RF RSSI: -51
Zigbee info:
	MAC: 00:12:4B:00:23:20:69:8F
	PANID: 1001
	Channel: 11
	Type: 2
msh >
msh >{A0=?,A1=?,A2=?,A3=?,A4=?,A5=?,A7=?,D0=?,D1=?}
msh >{A0=99.20,A1=0.25,A2=229.00,A3=44.00,A4=1,A5=86,A7=0,D0=255,D1=0}

msh >{V0=?,V1=?,V3=?}
msh >{V0=30,V1=1,V3=114.406319&30.462533}
{A4=1}
{A4=1}
{A4=1}
{A4=1}
{A4=1}
{A4=1}

msh >rf
RF interface1 device: ZIGBEE
RF Link: ON
RF RSSI: -51
Zigbee info:
	MAC: 00:12:4B:00:23:20:69:8F
	PANID: 1001
	Channel: 11
	Type: 2
msh >
msh >rf
RF interface1 device: ZIGBEE
RF Link: ON
RF RSSI: -51
Zigbee info:
	MAC: 00:12:4B:00:23:20:69:8F
	PANID: 1001
	Channel: 11
	Type: 2
msh >
msh >rf
RF interface1 device: ZIGBEE
RF Link: ON
RF RSSI: -51
Zigbee info:
	MAC: 00:12:4B:00:23:20:69:8F
	PANID: 1001
	Channel: 11
	Type: 2
msh >
msh >rf
RF interface1 device: ZIGBEE
RF Link: ON
RF RSSI: -51
Zigbee info:
	MAC: 00:12:4B:00:23:20:69:8F
	PANID: 1001
	Channel: 11
	Type: 2
msh >
msh >rf
RF interface1 device: ZIGBEE
RF Link: ON
RF RSSI: -51
Zigbee info:
	MAC: 00:12:4B:00:23:20:69:8F
	PANID: 1001
	Channel: 11
	Type: 2
msh >{A0=99.20,A1=0.26,A2=228.90,A3=46.00,A4=1,A5=86,A7=0,D1=0,V1=1}
{A4=1}

msh >rf
RF interface1 device: ZIGBEE
RF Link: ON
RF RSSI: -51
Zigbee info:
	MAC: 00:12:4B:00:23:20:69:8F
	PANID: 1001
	Channel: 11
	Type: 2
msh >
msh >rf
RF interface1 device: ZIGBEE
RF Link: ON
RF RSSI: -51
Zigbee info:
	MAC: 00:12:4B:00:23:20:69:8F
	PANID: 1001
	Channel: 11
	Type: 2
msh >
msh >rf
RF interface1 device: ZIGBEE
RF Link: ON
RF RSSI: -51
Zigbee info:
	MAC: 00:12:4B:00:23:20:69:8F
	PANID: 1001
	Channel: 11
	Type: 2
msh >
msh >rf
RF interface1 device: ZIGBEE
RF Link: ON
RF RSSI: -51
Zigbee info:
	MAC: 00:12:4B:00:23:20:69:8F
	PANID: 1001
	Channel: 11
	Type: 2
msh >
msh >rf
RF interface1 device: ZIGBEE
RF Link: ON
RF RSSI: -51
Zigbee info:
	MAC: 00:12:4B:00:23:20:69:8F
	PANID: 1001
	Channel: 11
	Type: 2
msh >{A4=1}

msh >rf
RF interface1 device: ZIGBEE
RF Link: ON
RF RSSI: -51
Zigbee info:
	MAC: 00:12:4B:00:23:20:69:8F
	PANID: 1001
	Channel: 11
	Type: 2
msh >
msh >rf
RF interface1 device: ZIGBEE
RF Link: ON
RF RSSI: -51
Zigbee info:
	MAC: 00:12:4B:00:23:20:69:8F
	PANID: 1001
	Channel: 11
	Type: 2
msh >{A4=1}
{A4=1}
