###############################################################################
#
# IAR C/C++ Compiler V9.10.1.2146 for 8051                07/Jul/2023  16:40:43
# Copyright 2004-2014 IAR Systems AB.
# Standalone license - IAR Embedded Workbench for 8051
#
#    Core               =  plain
#    Code model         =  banked
#    Data model         =  large
#    Calling convention =  xdata reentrant
#    Constant location  =  data_rom
#    Dptr setup         =  1,16
#                          
#    Source file        =  
#        I:\1_git_code\EPnode_OTA\CC2530
#        IAP\CC2530_stack\zstack-2.4.0-1.4.0x\Projects\zstack\Samples\CC2530-Serial(IAP)\Source\UserAt.c
#    Command line       =  
#        -f "I:\1_git_code\EPnode_OTA\CC2530
#        IAP\CC2530_stack\zstack-2.4.0-1.4.0x\Projects\zstack\Samples\CC2530-Serial(IAP)\CC2530DB\..\..\..\Tools\CC2530DB\f8wRouter.cfg"
#        (-DCPU32MHZ -DROOT=__near_func -DMAC_CFG_APP_PENDING_QUEUE=TRUE
#        -DMAC_CFG_TX_DATA_MAX=5 -DMAC_CFG_TX_MAX=8 -DMAC_CFG_RX_MAX=5
#        -DRTR_NWK) -f "I:\1_git_code\EPnode_OTA\CC2530
#        IAP\CC2530_stack\zstack-2.4.0-1.4.0x\Projects\zstack\Samples\CC2530-Serial(IAP)\CC2530DB\..\..\..\Tools\CC2530DB\f8wConfig.cfg"
#        (-DZIGBEEPRO -DSECURE=0 -DZG_SECURE_DYNAMIC=0 -DREFLECTOR
#        -DDEFAULT_CHANLIST=0x00000800 -DZDAPP_CONFIG_PAN_ID=8448
#        -DNWK_START_DELAY=100 -DEXTENDED_JOINING_RANDOM_MASK=0x007F
#        -DBEACON_REQUEST_DELAY=100 -DBEACON_REQ_DELAY_MASK=0x00FF
#        -DLINK_STATUS_JITTER_MASK=0x007F -DROUTE_EXPIRY_TIME=30
#        -DAPSC_ACK_WAIT_DURATION_POLLED=3000 -DNWK_INDIRECT_MSG_TIMEOUT=7
#        -DMAX_RREQ_ENTRIES=8 -DAPSC_MAX_FRAME_RETRIES=3
#        -DNWK_MAX_DATA_RETRIES=2 -DMAX_POLL_FAILURE_RETRIES=2 -DMAX_BCAST=9
#        -DAPS_MAX_GROUPS=16 -DMAX_RTG_ENTRIES=40 -DNWK_MAX_BINDING_ENTRIES=4
#        -DMAX_BINDING_CLUSTER_IDS=4 "-DDEFAULT_KEY={0x01, 0x03, 0x05, 0x07,
#        0x09, 0x0B, 0x0D, 0x0F, 0x00, 0x02, 0x04, 0x06, 0x08, 0x0A, 0x0C,
#        0x0D}" -DMAC_MAX_FRAME_SIZE=116 -DZDNWKMGR_MIN_TRANSMISSIONS=20
#        "-DCONST=const __code" -DGENERIC=__generic -DRFD_RCVC_ALWAYS_ON=TRUE
#        -DPOLL_RATE=1000 -DQUEUED_POLL_RATE=100 -DRESPONSE_POLL_RATE=100)
#        -DREJOIN_POLL_RATE=440 "I:\1_git_code\EPnode_OTA\CC2530
#        IAP\CC2530_stack\zstack-2.4.0-1.4.0x\Projects\zstack\Samples\CC2530-Serial(IAP)\Source\UserAt.c"
#        -D HOLD_AUTO_START -D BUILD_ALL_DEVICES -D REFLECTOR -D NV_INIT -D
#        XLAB -D CC2530_Serial -D MAKE_CRC_SHDW -D CC2530_USE_IAP -lC
#        "I:\1_git_code\EPnode_OTA\CC2530
#        IAP\CC2530_stack\zstack-2.4.0-1.4.0x\Projects\zstack\Samples\CC2530-Serial(IAP)\CC2530DB\CC2530-Serial\List\"
#        -lA "I:\1_git_code\EPnode_OTA\CC2530
#        IAP\CC2530_stack\zstack-2.4.0-1.4.0x\Projects\zstack\Samples\CC2530-Serial(IAP)\CC2530DB\CC2530-Serial\List\"
#        --diag_suppress Pe001,Pa010 -o "I:\1_git_code\EPnode_OTA\CC2530
#        IAP\CC2530_stack\zstack-2.4.0-1.4.0x\Projects\zstack\Samples\CC2530-Serial(IAP)\CC2530DB\CC2530-Serial\Obj\"
#        -e --no_cse --no_unroll --no_inline --no_code_motion --no_tbaa --debug
#        --core=plain --dptr=16,1 --data_model=large --code_model=banked
#        --calling_convention=xdata_reentrant --place_constants=data_rom
#        --nr_virtual_regs 8 -I "I:\1_git_code\EPnode_OTA\CC2530
#        IAP\CC2530_stack\zstack-2.4.0-1.4.0x\Projects\zstack\Samples\CC2530-Serial(IAP)\CC2530DB\"
#        -I "I:\1_git_code\EPnode_OTA\CC2530
#        IAP\CC2530_stack\zstack-2.4.0-1.4.0x\Projects\zstack\Samples\CC2530-Serial(IAP)\CC2530DB\..\Source\"
#        -I "I:\1_git_code\EPnode_OTA\CC2530
#        IAP\CC2530_stack\zstack-2.4.0-1.4.0x\Projects\zstack\Samples\CC2530-Serial(IAP)\CC2530DB\..\..\common\"
#        -I "I:\1_git_code\EPnode_OTA\CC2530
#        IAP\CC2530_stack\zstack-2.4.0-1.4.0x\Projects\zstack\Samples\CC2530-Serial(IAP)\CC2530DB\..\..\..\ZMain\TI2530DB\"
#        -I "I:\1_git_code\EPnode_OTA\CC2530
#        IAP\CC2530_stack\zstack-2.4.0-1.4.0x\Projects\zstack\Samples\CC2530-Serial(IAP)\CC2530DB\..\..\..\..\..\Components\hal\include\"
#        -I "I:\1_git_code\EPnode_OTA\CC2530
#        IAP\CC2530_stack\zstack-2.4.0-1.4.0x\Projects\zstack\Samples\CC2530-Serial(IAP)\CC2530DB\..\..\..\..\..\Components\hal\target\CC2530EB\"
#        -I "I:\1_git_code\EPnode_OTA\CC2530
#        IAP\CC2530_stack\zstack-2.4.0-1.4.0x\Projects\zstack\Samples\CC2530-Serial(IAP)\CC2530DB\..\..\..\..\..\Components\mac\include\"
#        -I "I:\1_git_code\EPnode_OTA\CC2530
#        IAP\CC2530_stack\zstack-2.4.0-1.4.0x\Projects\zstack\Samples\CC2530-Serial(IAP)\CC2530DB\..\..\..\..\..\Components\mac\high_level\"
#        -I "I:\1_git_code\EPnode_OTA\CC2530
#        IAP\CC2530_stack\zstack-2.4.0-1.4.0x\Projects\zstack\Samples\CC2530-Serial(IAP)\CC2530DB\..\..\..\..\..\Components\mac\low_level\srf04\"
#        -I "I:\1_git_code\EPnode_OTA\CC2530
#        IAP\CC2530_stack\zstack-2.4.0-1.4.0x\Projects\zstack\Samples\CC2530-Serial(IAP)\CC2530DB\..\..\..\..\..\Components\mac\low_level\srf04\single_chip\"
#        -I "I:\1_git_code\EPnode_OTA\CC2530
#        IAP\CC2530_stack\zstack-2.4.0-1.4.0x\Projects\zstack\Samples\CC2530-Serial(IAP)\CC2530DB\..\..\..\..\..\Components\mt\"
#        -I "I:\1_git_code\EPnode_OTA\CC2530
#        IAP\CC2530_stack\zstack-2.4.0-1.4.0x\Projects\zstack\Samples\CC2530-Serial(IAP)\CC2530DB\..\..\..\..\..\Components\osal\include\"
#        -I "I:\1_git_code\EPnode_OTA\CC2530
#        IAP\CC2530_stack\zstack-2.4.0-1.4.0x\Projects\zstack\Samples\CC2530-Serial(IAP)\CC2530DB\..\..\..\..\..\Components\osal\mcu\ccsoc\"
#        -I "I:\1_git_code\EPnode_OTA\CC2530
#        IAP\CC2530_stack\zstack-2.4.0-1.4.0x\Projects\zstack\Samples\CC2530-Serial(IAP)\CC2530DB\..\..\..\..\..\Components\services\saddr\"
#        -I "I:\1_git_code\EPnode_OTA\CC2530
#        IAP\CC2530_stack\zstack-2.4.0-1.4.0x\Projects\zstack\Samples\CC2530-Serial(IAP)\CC2530DB\..\..\..\..\..\Components\services\sdata\"
#        -I "I:\1_git_code\EPnode_OTA\CC2530
#        IAP\CC2530_stack\zstack-2.4.0-1.4.0x\Projects\zstack\Samples\CC2530-Serial(IAP)\CC2530DB\..\..\..\..\..\Components\stack\af\"
#        -I "I:\1_git_code\EPnode_OTA\CC2530
#        IAP\CC2530_stack\zstack-2.4.0-1.4.0x\Projects\zstack\Samples\CC2530-Serial(IAP)\CC2530DB\..\..\..\..\..\Components\stack\nwk\"
#        -I "I:\1_git_code\EPnode_OTA\CC2530
#        IAP\CC2530_stack\zstack-2.4.0-1.4.0x\Projects\zstack\Samples\CC2530-Serial(IAP)\CC2530DB\..\..\..\..\..\Components\stack\sapi\"
#        -I "I:\1_git_code\EPnode_OTA\CC2530
#        IAP\CC2530_stack\zstack-2.4.0-1.4.0x\Projects\zstack\Samples\CC2530-Serial(IAP)\CC2530DB\..\..\..\..\..\Components\stack\sec\"
#        -I "I:\1_git_code\EPnode_OTA\CC2530
#        IAP\CC2530_stack\zstack-2.4.0-1.4.0x\Projects\zstack\Samples\CC2530-Serial(IAP)\CC2530DB\..\..\..\..\..\Components\stack\sys\"
#        -I "I:\1_git_code\EPnode_OTA\CC2530
#        IAP\CC2530_stack\zstack-2.4.0-1.4.0x\Projects\zstack\Samples\CC2530-Serial(IAP)\CC2530DB\..\..\..\..\..\Components\stack\zdo\"
#        -I "I:\1_git_code\EPnode_OTA\CC2530
#        IAP\CC2530_stack\zstack-2.4.0-1.4.0x\Projects\zstack\Samples\CC2530-Serial(IAP)\CC2530DB\..\..\..\..\..\Components\zmac\"
#        -I "I:\1_git_code\EPnode_OTA\CC2530
#        IAP\CC2530_stack\zstack-2.4.0-1.4.0x\Projects\zstack\Samples\CC2530-Serial(IAP)\CC2530DB\..\..\..\..\..\Components\zmac\f8w\"
#        -On
#    List file          =  
#        I:\1_git_code\EPnode_OTA\CC2530
#        IAP\CC2530_stack\zstack-2.4.0-1.4.0x\Projects\zstack\Samples\CC2530-Serial(IAP)\CC2530DB\CC2530-Serial\List\UserAt.lst
#    Object file        =  
#        I:\1_git_code\EPnode_OTA\CC2530
#        IAP\CC2530_stack\zstack-2.4.0-1.4.0x\Projects\zstack\Samples\CC2530-Serial(IAP)\CC2530DB\CC2530-Serial\Obj\UserAt.r51
#
###############################################################################

I:\1_git_code\EPnode_OTA\CC2530 IAP\CC2530_stack\zstack-2.4.0-1.4.0x\Projects\zstack\Samples\CC2530-Serial(IAP)\Source\UserAt.c
      1          #include "ZComDef.h"
      2          #include "at.h"
      3          

   \                                 In  segment BANKED_CODE, align 1, keep-with-next
      4          int8 user_at_proc(char *msg)
   \                     user_at_proc:
      5          {
   \   000000                ; Saved register size: 0
   \   000000                ; Auto size: 0
      6            return -1;
   \   000000   79FF         MOV     R1,#-0x1
   \   000002   02....       LJMP    ?BRET
      7          }

   \                                 In  segment BANK_RELAYS, align 1
   \                     ??user_at_proc?relay:
   \   000000   12....       LCALL   ?BDISPATCH
   \   000003   ......       DC24    user_at_proc

   Maximum stack usage in bytes:

   ISTACK Function
   ------ --------
      0   user_at_proc


   Segment part sizes:

   Bytes  Function/Label
   -----  --------------
       6  ??user_at_proc?relay
       5  user_at_proc

 
 5 bytes in segment BANKED_CODE
 6 bytes in segment BANK_RELAYS
 
 11 bytes of CODE memory

Errors: none
Warnings: none
